0 info it worked if it ends with ok
1 verbose cli [ '/usr/local/bin/node', '/usr/local/bin/npm', 'install' ]
2 info using npm@2.14.7
3 info using node@v4.2.2
4 verbose readDependencies loading dependencies from /Users/Dominik/Documents/g04_block4/package.json
5 verbose install where, deps [ '/Users/Dominik/Documents/g04_block4',
5 verbose install   [ 'openlayers',
5 verbose install     'browserify',
5 verbose install     'watchify',
5 verbose install     'uglify-js',
5 verbose install     'cssify',
5 verbose install     'through' ] ]
6 verbose install where, peers [ '/Users/Dominik/Documents/g04_block4', [] ]
7 verbose installManyTop reading for lifecycle /Users/Dominik/Documents/g04_block4/package.json
8 info preinstall openlayers-app@1.0.0
9 verbose installManyTop reading scoped package data from /Users/Dominik/Documents/g04_block4/node_modules/browserify/package.json
10 verbose installManyTop reading scoped package data from /Users/Dominik/Documents/g04_block4/node_modules/cssify/package.json
11 verbose installManyTop reading scoped package data from /Users/Dominik/Documents/g04_block4/node_modules/openlayers/package.json
12 verbose installManyTop reading scoped package data from /Users/Dominik/Documents/g04_block4/node_modules/through/package.json
13 verbose installManyTop reading scoped package data from /Users/Dominik/Documents/g04_block4/node_modules/uglify-js/package.json
14 verbose installManyTop reading scoped package data from /Users/Dominik/Documents/g04_block4/node_modules/watchify/package.json
15 info package.json cssify@0.7.0 license should be a valid SPDX license expression
16 verbose readDependencies loading dependencies from /Users/Dominik/Documents/g04_block4/package.json
17 verbose targetResolver reading package data from /Users/Dominik/Documents/g04_block4/node_modules/browserify/package.json
18 verbose targetResolver reading package data from /Users/Dominik/Documents/g04_block4/node_modules/cssify/package.json
19 verbose targetResolver reading package data from /Users/Dominik/Documents/g04_block4/node_modules/openlayers/package.json
20 verbose targetResolver reading package data from /Users/Dominik/Documents/g04_block4/node_modules/through/package.json
21 verbose targetResolver reading package data from /Users/Dominik/Documents/g04_block4/node_modules/uglify-js/package.json
22 verbose targetResolver reading package data from /Users/Dominik/Documents/g04_block4/node_modules/watchify/package.json
23 verbose targetResolver reading package data from /Users/Dominik/Documents/g04_block4/node_modules/.bin/browserify/package.json
24 verbose targetResolver reading package data from /Users/Dominik/Documents/g04_block4/node_modules/.bin/uglifyjs/package.json
25 verbose targetResolver reading package data from /Users/Dominik/Documents/g04_block4/node_modules/.bin/watchify/package.json
26 verbose already installed skipping openlayers@^3.10.1 /Users/Dominik/Documents/g04_block4
27 verbose already installed skipping browserify@^12.0.1 /Users/Dominik/Documents/g04_block4
28 verbose already installed skipping watchify@^3.6.0 /Users/Dominik/Documents/g04_block4
29 verbose already installed skipping uglify-js@^2.5.0 /Users/Dominik/Documents/g04_block4
30 verbose already installed skipping cssify@^0.7.0 /Users/Dominik/Documents/g04_block4
31 verbose already installed skipping through@^2.3.8 /Users/Dominik/Documents/g04_block4
32 silly install resolved []
33 info build /Users/Dominik/Documents/g04_block4
34 info linkStuff openlayers-app@1.0.0
35 silly linkStuff openlayers-app@1.0.0 has /Users/Dominik/Documents as its parent node_modules
36 verbose linkBins openlayers-app@1.0.0
37 verbose linkMans openlayers-app@1.0.0
38 verbose rebuildBundles openlayers-app@1.0.0
39 verbose rebuildBundles [ '.bin',
39 verbose rebuildBundles   'browserify',
39 verbose rebuildBundles   'cssify',
39 verbose rebuildBundles   'openlayers',
39 verbose rebuildBundles   'through',
39 verbose rebuildBundles   'uglify-js',
39 verbose rebuildBundles   'watchify' ]
40 info install openlayers-app@1.0.0
41 info postinstall openlayers-app@1.0.0
42 verbose unsafe-perm in lifecycle true
43 info openlayers-app@1.0.0 Failed to exec postinstall script
44 verbose stack Error: openlayers-app@1.0.0 postinstall: `node node_modules/openlayers/tasks/build.js config/ol.json node_modules/openlayers/dist/ol.js`
44 verbose stack Exit status 1
44 verbose stack     at EventEmitter.<anonymous> (/usr/local/lib/node_modules/npm/lib/utils/lifecycle.js:214:16)
44 verbose stack     at emitTwo (events.js:87:13)
44 verbose stack     at EventEmitter.emit (events.js:172:7)
44 verbose stack     at ChildProcess.<anonymous> (/usr/local/lib/node_modules/npm/lib/utils/spawn.js:24:14)
44 verbose stack     at emitTwo (events.js:87:13)
44 verbose stack     at ChildProcess.emit (events.js:172:7)
44 verbose stack     at maybeClose (internal/child_process.js:818:16)
44 verbose stack     at Process.ChildProcess._handle.onexit (internal/child_process.js:211:5)
45 verbose pkgid openlayers-app@1.0.0
46 verbose cwd /Users/Dominik/Documents/g04_block4
47 error Darwin 15.0.0
48 error argv "/usr/local/bin/node" "/usr/local/bin/npm" "install"
49 error node v4.2.2
50 error npm  v2.14.7
51 error code ELIFECYCLE
52 error openlayers-app@1.0.0 postinstall: `node node_modules/openlayers/tasks/build.js config/ol.json node_modules/openlayers/dist/ol.js`
52 error Exit status 1
53 error Failed at the openlayers-app@1.0.0 postinstall script 'node node_modules/openlayers/tasks/build.js config/ol.json node_modules/openlayers/dist/ol.js'.
53 error This is most likely a problem with the openlayers-app package,
53 error not with npm itself.
53 error Tell the author that this fails on your system:
53 error     node node_modules/openlayers/tasks/build.js config/ol.json node_modules/openlayers/dist/ol.js
53 error You can get their info via:
53 error     npm owner ls openlayers-app
53 error There is likely additional logging output above.
54 verbose exit [ 1, true ]
